{
  "stats": {
    "suites": 1,
    "tests": 1,
    "passes": 1,
    "pending": 0,
    "failures": 0,
    "start": "2021-07-14T02:34:42.203Z",
    "end": "2021-07-14T02:34:57.648Z",
    "duration": 15445,
    "testsRegistered": 1,
    "passPercent": 100,
    "pendingPercent": 0,
    "other": 0,
    "hasOther": false,
    "skipped": 0,
    "hasSkipped": false
  },
  "results": [
    {
      "uuid": "34774a76-d335-432a-914f-ed9a065ac09f",
      "title": "",
      "fullFile": "cypress/integration/examples/two-line-formate-pre-filled_components_fs.js",
      "file": "cypress/integration/examples/two-line-formate-pre-filled_components_fs.js",
      "beforeHooks": [],
      "afterHooks": [],
      "tests": [],
      "suites": [
        {
          "uuid": "665440eb-dc49-45cf-95f2-d4803a46e2a4",
          "title": " Two-line_Formate_Pre-filled_components_firestitch",
          "fullFile": "",
          "file": "",
          "beforeHooks": [],
          "afterHooks": [],
          "tests": [
            {
              "title": "Two-line format, pre-filled  !",
              "fullTitle": " Two-line_Formate_Pre-filled_components_firestitch Two-line format, pre-filled  !",
              "timedOut": null,
              "duration": 12727,
              "state": "passed",
              "speed": "slow",
              "pass": true,
              "fail": false,
              "pending": false,
              "context": null,
              "code": "cy.visit(Cypress.env(\"url\"));\ncy.get(\"[data-cy='two-line-format'] .editable\").dblclick();\ncy.get(\"mat-dialog-container .name input\").should(\"have.value\", \"CN Tower\");\ncy.get(\".mat-dialog-container .street input\").should(\"have.value\", \"301 Front Street West\");\ncy.get(\".mat-dialog-container .city input\").should(\"have.value\", \"Toronto\");\ncy.get(\".mat-dialog-container .region input\").should(\"have.value\", \"Ontario\");\ncy.get(\".mat-dialog-container .country input\").should(\"have.value\", \"Canada\");\ncy.get(\".mat-dialog-container .zip input\").should(\"have.value\", \"M5V 2T6\");\ncy.get(\"mat-dialog-container [type='submit']:disabled\").should(\"be.disabled\");\ncy.contains(\"Cancel\").click({\n  force: true\n});\ncy.get(\"[data-cy='two-line-format'] .editable\").then(function (text) {\n  cy.log(text.text());\n});",
              "err": {},
              "uuid": "9e5fa0cd-e5e4-47e0-85bb-b1b5beefe47a",
              "parentUUID": "665440eb-dc49-45cf-95f2-d4803a46e2a4",
              "isHook": false,
              "skipped": false
            }
          ],
          "suites": [],
          "passes": [
            "9e5fa0cd-e5e4-47e0-85bb-b1b5beefe47a"
          ],
          "failures": [],
          "pending": [],
          "skipped": [],
          "duration": 12727,
          "root": false,
          "rootEmpty": false,
          "_timeout": 2000
        }
      ],
      "passes": [],
      "failures": [],
      "pending": [],
      "skipped": [],
      "duration": 0,
      "root": true,
      "rootEmpty": true,
      "_timeout": 2000
    }
  ],
  "meta": {
    "mocha": {
      "version": "7.0.1"
    },
    "mochawesome": {
      "options": {
        "quiet": false,
        "reportFilename": "mochawesome",
        "saveHtml": true,
        "saveJson": true,
        "consoleReporter": "spec",
        "useInlineDiffs": false,
        "code": true
      },
      "version": "6.2.2"
    },
    "marge": {
      "options": {
        "configFile": "reporter-config.json"
      },
      "version": "5.2.0"
    }
  }
}