{
  "stats": {
    "suites": 1,
    "tests": 13,
    "passes": 12,
    "pending": 0,
    "failures": 1,
    "start": "2021-07-16T18:56:59.665Z",
    "end": "2021-07-16T18:57:52.412Z",
    "duration": 52747,
    "testsRegistered": 13,
    "passPercent": 92.3076923076923,
    "pendingPercent": 0,
    "other": 0,
    "hasOther": false,
    "skipped": 0,
    "hasSkipped": false
  },
  "results": [
    {
      "uuid": "eb3f5bbf-4795-4d78-9162-582fa59f4a3a",
      "title": "",
      "fullFile": "cypress/integration/examples/address_picker_fs.js",
      "file": "cypress/integration/examples/address_picker_fs.js",
      "beforeHooks": [],
      "afterHooks": [],
      "tests": [],
      "suites": [
        {
          "uuid": "aa251f9b-b65a-44ac-af5d-6126b46ff1e2",
          "title": "Address_Picker_components_firestitch",
          "fullFile": "",
          "file": "",
          "beforeHooks": [],
          "afterHooks": [],
          "tests": [
            {
              "title": "Address Picker:Test case 1.",
              "fullTitle": "Address_Picker_components_firestitch Address Picker:Test case 1.",
              "timedOut": null,
              "duration": 16254,
              "state": "passed",
              "speed": "slow",
              "pass": true,
              "fail": false,
              "pending": false,
              "context": null,
              "code": "cy.visit(Cypress.env(\"url\")); // cy.visit(\"http://address.components.firestitch.com/\");\n//Location\ncy.get(\"[name='Address Picker'] fs-address-autocomplete input\").should(\"be.empty\").and(\"have.prop\", \"required\");\ncy.get(\"[name='Address Picker'] fs-address-autocomplete input\").type(\"Toronto, ON\");\ncy.contains(\"Toronto, ON, Canada\").click(); //iterating over the autocomplete list\n// cy.get(\".mat-autocomplete-panel\").each(($el, index, $list) => {\n//   const location = $el.text();\n//   const LocationToSelect = \"TorontoONCA\";\n//   if (location === LocationToSelect) {\n//     cy.location.dblclick();\n//   }\n// });",
              "err": {},
              "uuid": "ca4fdee9-f62b-4108-8029-0a568c901a96",
              "parentUUID": "aa251f9b-b65a-44ac-af5d-6126b46ff1e2",
              "isHook": false,
              "skipped": false
            },
            {
              "title": "Address Picker:Test case 2.",
              "fullTitle": "Address_Picker_components_firestitch Address Picker:Test case 2.",
              "timedOut": null,
              "duration": 154,
              "state": "passed",
              "speed": "slow",
              "pass": true,
              "fail": false,
              "pending": false,
              "context": null,
              "code": "cy.get(\"[name='Address Picker']  .editable .line-1\").then(function (text) {\n  const location_city = text.text();\n  cy.log(location_city);\n  if (location_city === \"Toronto\") {\n    cy.log(\"Test Passed:\");\n  } else {\n    cy.contains(\"Test Failed:location_city does not match\");\n  }\n}); //Line-2\ncy.get(\"[name='Address Picker']  .editable .line-2\").then(function (text) {\n  const location_region_province = text.text();\n  cy.log(location_region_province);\n  if (location_region_province === \"ONCA\") {\n    cy.log(\"Test Passed:\");\n  } else {\n    cy.contains(\"Test Failed:location_region_province does not match:\");\n  }\n});\ncy.get(\"[name='Address Picker']  .editable \").then(function (text) {\n  const location_city_region_province_two_line_formate = text.text();\n  cy.log(location_city_region_province_two_line_formate);\n  if (location_city_region_province_two_line_formate === \"TorontoONCA\") {\n    cy.log(\"Test Passed:\");\n  } else {\n    cy.contains(\"Test Failed:location_city_region_province_two_line_formate does not match:\");\n  }\n}); //Oneline Address\ncy.get(\"[name='Address Picker'] .oneline\").then(function (text) {\n  const one_Line_address = text.text();\n  cy.log(one_Line_address);\n  if (one_Line_address === \"TorontoONCA\") {\n    cy.log(\"Test Passed:\");\n  } else {\n    cy.contains(\"Test Failed:one_Line_address does not match:\");\n  }\n});",
              "err": {},
              "uuid": "e84f557a-c644-4af9-b435-9e6644eba83c",
              "parentUUID": "aa251f9b-b65a-44ac-af5d-6126b46ff1e2",
              "isHook": false,
              "skipped": false
            },
            {
              "title": "Address Picker:Test case 3.",
              "fullTitle": "Address_Picker_components_firestitch Address Picker:Test case 3.",
              "timedOut": null,
              "duration": 1885,
              "state": "passed",
              "speed": "slow",
              "pass": true,
              "fail": false,
              "pending": false,
              "context": null,
              "code": "// \"Save button\" clicking and asserting to be disable after clicking\ncy.get(\"[name='Address Picker'] mat-card  button\").dblclick();\ncy.get(\"[name='Address Picker'] mat-card  button\").should(\"be.disabled\");\ncy.contains(\"Saved\").then(function (text) {\n  cy.log(text.text());\n}); //hint text\ncy.get(\"[name='Address Picker'] mat-form-field .mat-hint\").then(function (text) {\n  cy.log(text.text());\n});",
              "err": {},
              "uuid": "8472e6ed-4131-43f2-a9a7-44557662448e",
              "parentUUID": "aa251f9b-b65a-44ac-af5d-6126b46ff1e2",
              "isHook": false,
              "skipped": false
            },
            {
              "title": "Address Picker:Test case 4.",
              "fullTitle": "Address_Picker_components_firestitch Address Picker:Test case 4.",
              "timedOut": null,
              "duration": 4563,
              "state": "passed",
              "speed": "slow",
              "pass": true,
              "fail": false,
              "pending": false,
              "context": null,
              "code": "//dialog box input values\ncy.get(\"[name='Address Picker'] fs-address-format.editable\").click();\ncy.get(\"mat-dialog-container .street\").dblclick().type(\"215 Markham Road\");\ncy.get(\"mat-dialog-container .address2\").dblclick().type(\"2550 Lawrence\");\ncy.get(\"mat-dialog-container .address3\").dblclick().type(\"1470 Midland\");\ncy.get(\"mat-dialog-container  .zip\").dblclick().type(\"M1J 3C4\");",
              "err": {},
              "uuid": "3d9dc3cd-681a-4b75-8760-0e9103b8353d",
              "parentUUID": "aa251f9b-b65a-44ac-af5d-6126b46ff1e2",
              "isHook": false,
              "skipped": false
            },
            {
              "title": "Address Picker:Test case 5.",
              "fullTitle": "Address_Picker_components_firestitch Address Picker:Test case 5.",
              "timedOut": null,
              "duration": 71,
              "state": "passed",
              "speed": "medium",
              "pass": true,
              "fail": false,
              "pending": false,
              "context": null,
              "code": "cy.get(\"mat-dialog-container  .city input\").should(\"have.prop\", \"required\");\ncy.get(\"mat-dialog-container [name='region'] input\").should(\"have.prop\", \"required\");\ncy.get(\"mat-dialog-container  .country input\").should(\"have.prop\", \"required\"); //validating the input values\nit(\"Address Picker:Test case 6.\", () => {\n  cy.log(\"checking input values\");\n  cy.get(\"mat-dialog-container  .city input\").should(\"have.value\", \"Toronto\");\n  cy.get(\"mat-dialog-container [name='region'] input\").should(\"have.value\", \"Ontario\");\n  cy.get(\"mat-dialog-container  .country input\").should(\"have.value\", \"Canada\");\n});",
              "err": {},
              "uuid": "869ecf74-3fcd-4dfe-a450-5e2ddc21fb7c",
              "parentUUID": "aa251f9b-b65a-44ac-af5d-6126b46ff1e2",
              "isHook": false,
              "skipped": false
            },
            {
              "title": "Address Picker:Test case 7.",
              "fullTitle": "Address_Picker_components_firestitch Address Picker:Test case 7.",
              "timedOut": null,
              "duration": 1021,
              "state": "passed",
              "speed": "slow",
              "pass": true,
              "fail": false,
              "pending": false,
              "context": null,
              "code": "// Google Map scrolling up and down\ncy.contains(\"Google\").scrollIntoView();\ncy.get(\"[title='Zoom in']\").click();\ncy.get(\" [title='Zoom out']\").click();\ncy.get(\"mat-dialog-container .street\").scrollIntoView();",
              "err": {},
              "uuid": "aacc1e25-c3f9-411f-9554-7c37518a722d",
              "parentUUID": "aa251f9b-b65a-44ac-af5d-6126b46ff1e2",
              "isHook": false,
              "skipped": false
            },
            {
              "title": "Address Picker:Test case 8.",
              "fullTitle": "Address_Picker_components_firestitch Address Picker:Test case 8.",
              "timedOut": null,
              "duration": 675,
              "state": "passed",
              "speed": "slow",
              "pass": true,
              "fail": false,
              "pending": false,
              "context": null,
              "code": "// dialog box buttons\n//Center Address\ncy.get(\".mat-dialog-actions button:nth-child(2)\").click(); //Cancel\ncy.get(\".mat-dialog-actions button:nth-child(3)\"); //Apply\ncy.get(\"mat-dialog-container [type='submit']\").dblclick(); // getting the address text\nit(\"Address Picker:Test 9.\", () => {\n  cy.wait(3000);\n  cy.get(\"[name='Address Picker'] fs-address-format.editable\").then(function (text) {\n    const address = text.text();\n    const addressMatch = \"215 Markham Road2550 Lawrence1470 MidlandTorontoONM1J 3C4CA\";\n    cy.log(address);\n    if (address === addressMatch) {\n      cy.log(\"Test Passed:\");\n    } else {\n      cy.contains(\"address does not match:\");\n    }\n  }); //dialog box Cancel button\n  cy.get(\"[name='Address Picker'] fs-address-format.editable\").click();\n  cy.contains(\"Cancel\").click();\n  cy.wait(3000);\n});",
              "err": {},
              "uuid": "9b142628-5708-45dc-b2f3-45ae4286fec6",
              "parentUUID": "aa251f9b-b65a-44ac-af5d-6126b46ff1e2",
              "isHook": false,
              "skipped": false
            },
            {
              "title": "Address Picker:Test case 10.",
              "fullTitle": "Address_Picker_components_firestitch Address Picker:Test case 10.",
              "timedOut": null,
              "duration": 3356,
              "state": "passed",
              "speed": "slow",
              "pass": true,
              "fail": false,
              "pending": false,
              "context": null,
              "code": "cy.get(\"[name='Address Picker'] fs-address-format.editable\").click();\ncy.get(\"mat-dialog-container  .city input\").clear();\ncy.get(\"mat-dialog-container [name='region'] input\").clear();\ncy.get(\"mat-dialog-container  .country input\").clear();\ncy.get(\"mat-dialog-container [name='region'] input\").type(\"Ontario\");\ncy.contains(\"Ontario, Canada\").click();\ncy.get(\"mat-dialog-container  .country input\").should(\"have.value\", \"Canada\");\ncy.contains(\"Cancel\").click();",
              "err": {},
              "uuid": "e0adc6b6-adab-4aac-9a37-2768c35e0316",
              "parentUUID": "aa251f9b-b65a-44ac-af5d-6126b46ff1e2",
              "isHook": false,
              "skipped": false
            },
            {
              "title": "Address Picker:Test case 11.",
              "fullTitle": "Address_Picker_components_firestitch Address Picker:Test case 11.",
              "timedOut": null,
              "duration": 2422,
              "state": "passed",
              "speed": "slow",
              "pass": true,
              "fail": false,
              "pending": false,
              "context": null,
              "code": "// negative tests\ncy.get(\"[name='Address Picker'] fs-address-format.editable\").click();\ncy.get(\".mat-dialog-container .city\").clear();\ncy.get(\".mat-dialog-container .country\").clear();\ncy.get(\"mat-dialog-container [type='submit']\").dblclick();\ncy.contains(\"Changes not saved. Please review errors highlighted in red\").should(\"be.visible\");\ncy.get(\".mat-dialog-actions button:nth-child(3)\").click();",
              "err": {},
              "uuid": "3c5cf874-fc60-4c3f-b0fc-dd3d6931326f",
              "parentUUID": "aa251f9b-b65a-44ac-af5d-6126b46ff1e2",
              "isHook": false,
              "skipped": false
            },
            {
              "title": "Address Picker:Test case 12.",
              "fullTitle": "Address_Picker_components_firestitch Address Picker:Test case 12.",
              "timedOut": null,
              "duration": 2450,
              "state": "passed",
              "speed": "slow",
              "pass": true,
              "fail": false,
              "pending": false,
              "context": null,
              "code": "//fs-modal-confirm pop up window massage \"You Have Unsaved Changes\"\ncy.get(\"[name='Address Picker'] fs-address-format.editable\").click();\ncy.get(\"mat-dialog-container .street\").dblclick().clear();\ncy.get(\"mat-dialog-container .street\").dblclick().type(\"210 Markham Road\");\ncy.get(\".cdk-overlay-backdrop\").click({\n  force: true\n}); //fs-modal-confirm Title\ncy.get(\".fs-modal-confirm .mat-dialog-title\").should(\"have.text\", \"You Have Unsaved Changes\"); //fs-modal-confirm Contnet\ncy.get(\".fs-modal-confirm .mat-dialog-content\").should(\"have.text\", \"What would you like to do with your changes?\");\ncy.get(\".fs-modal-confirm .mat-primary\").should(\"have.text\", \"Save & Continue\").click();",
              "err": {},
              "uuid": "8b9395dc-f071-481c-abfb-1102dd1ad2e9",
              "parentUUID": "aa251f9b-b65a-44ac-af5d-6126b46ff1e2",
              "isHook": false,
              "skipped": false
            },
            {
              "title": "Address Picker:Test case 13.",
              "fullTitle": "Address_Picker_components_firestitch Address Picker:Test case 13.",
              "timedOut": null,
              "duration": 9735,
              "state": "failed",
              "speed": null,
              "pass": false,
              "fail": true,
              "pending": false,
              "context": null,
              "code": "//fs-modal-confirm button \"Save & Continue\"\ncy.wait(2000);\ncy.get(\"[name='Address Picker'] .editable\").should(\"be.visible\");\ncy.get(\"[name='Address Picker'] .editable\").then(function (text) {\n  const address_edited = text.text();\n  cy.log(address_edited);\n  const address_match_with = \"210 Markham Road2550 Lawrence1470 MidlandTorontoONM1J 3C4CA\";\n  if (address_edited === address_match_with) {\n    cy.log(\"Test Passed:\");\n  } else {\n    cy.log(\"Test Failed:\", \"does not match the address)\");\n    cy.contains(\"does not match the address\");\n  }\n});",
              "err": {
                "message": "AssertionError: Timed out retrying after 7000ms: Expected to find content: 'does not match the address' but never did.",
                "estack": "AssertionError: Timed out retrying after 7000ms: Expected to find content: 'does not match the address' but never did.\n    at Context.eval (http://localhost:8000/__cypress/tests?p=cypress\\integration\\examples\\address_picker_fs.js:279:12)",
                "diff": null
              },
              "uuid": "5f7bd7a3-472a-4d9f-be18-7f065fe714ae",
              "parentUUID": "aa251f9b-b65a-44ac-af5d-6126b46ff1e2",
              "isHook": false,
              "skipped": false
            },
            {
              "title": "Address Picker:Test case 14.",
              "fullTitle": "Address_Picker_components_firestitch Address Picker:Test case 14.",
              "timedOut": null,
              "duration": 2641,
              "state": "passed",
              "speed": "slow",
              "pass": true,
              "fail": false,
              "pending": false,
              "context": null,
              "code": "cy.get(\"[name='Address Picker'] fs-address-format.editable\").click();\ncy.get(\"mat-dialog-container .street\").dblclick().clear();\ncy.get(\"mat-dialog-container .street\").dblclick().type(\"220 Markham Road\");\ncy.get(\".cdk-overlay-backdrop\").click({\n  force: true\n});\ncy.get(\".fs-modal-confirm [type='button']:nth-child(2)\").should(\"have.text\", \"Discard Changes & Continue\").click();\ncy.get(\"mat-dialog-container\").should(\"be.visible\");",
              "err": {},
              "uuid": "21027276-938a-4b2f-a0f9-021ed11269a9",
              "parentUUID": "aa251f9b-b65a-44ac-af5d-6126b46ff1e2",
              "isHook": false,
              "skipped": false
            },
            {
              "title": "Address Picker:Test case 15.",
              "fullTitle": "Address_Picker_components_firestitch Address Picker:Test case 15.",
              "timedOut": null,
              "duration": 3859,
              "state": "passed",
              "speed": "slow",
              "pass": true,
              "fail": false,
              "pending": false,
              "context": null,
              "code": "cy.get(\"[name='Address Picker'] .editable\").click({\n  force: true\n});\ncy.get(\"mat-dialog-container .street input\").clear({\n  force: true\n});\ncy.get(\"mat-dialog-container .street\").type(\"2100 Markham Road\");\ncy.get(\".cdk-overlay-backdrop\").click({\n  force: true\n});\ncy.wait(2000);\ncy.get(\".fs-modal-confirm [type='button']:nth-child(3)\").should(\"have.text\", \"Review Changes\").click();\ncy.get(\"mat-dialog-container\").should(\"be.visible\");",
              "err": {},
              "uuid": "7fcb3607-b238-4b4b-b8a7-c1cf4d72f592",
              "parentUUID": "aa251f9b-b65a-44ac-af5d-6126b46ff1e2",
              "isHook": false,
              "skipped": false
            }
          ],
          "suites": [],
          "passes": [
            "ca4fdee9-f62b-4108-8029-0a568c901a96",
            "e84f557a-c644-4af9-b435-9e6644eba83c",
            "8472e6ed-4131-43f2-a9a7-44557662448e",
            "3d9dc3cd-681a-4b75-8760-0e9103b8353d",
            "869ecf74-3fcd-4dfe-a450-5e2ddc21fb7c",
            "aacc1e25-c3f9-411f-9554-7c37518a722d",
            "9b142628-5708-45dc-b2f3-45ae4286fec6",
            "e0adc6b6-adab-4aac-9a37-2768c35e0316",
            "3c5cf874-fc60-4c3f-b0fc-dd3d6931326f",
            "8b9395dc-f071-481c-abfb-1102dd1ad2e9",
            "21027276-938a-4b2f-a0f9-021ed11269a9",
            "7fcb3607-b238-4b4b-b8a7-c1cf4d72f592"
          ],
          "failures": [
            "5f7bd7a3-472a-4d9f-be18-7f065fe714ae"
          ],
          "pending": [],
          "skipped": [],
          "duration": 49086,
          "root": false,
          "rootEmpty": false,
          "_timeout": 2000
        }
      ],
      "passes": [],
      "failures": [],
      "pending": [],
      "skipped": [],
      "duration": 0,
      "root": true,
      "rootEmpty": true,
      "_timeout": 2000
    }
  ],
  "meta": {
    "mocha": {
      "version": "7.0.1"
    },
    "mochawesome": {
      "options": {
        "quiet": false,
        "reportFilename": "mochawesome",
        "saveHtml": true,
        "saveJson": true,
        "consoleReporter": "spec",
        "useInlineDiffs": false,
        "code": true
      },
      "version": "6.2.2"
    },
    "marge": {
      "options": {
        "configFile": "reporter-config.json"
      },
      "version": "5.2.0"
    }
  }
}